Log file open, 09/16/16 15:18:45
LogInit:Display: Running engine for game: GRMaleHero02
LogPlatformFile: Not using cached read wrapper
LogInit:Display: RandInit(-1365706502) SRandInit(-1365706481).
LogInit: Using version manifest at CL 0 with build ID 'd772f7d5-ae34-4569-bb01-903dd52e817b'
LogTaskGraph: Started task graph with 5 named threads and 8 total threads with 1 sets of task threads.
LogStats: Stats thread started at 0.088853
LogPluginManager: Loaded Plugin Paper2D, From G:/UnrealEngine-release4.13/Engine/Plugins/2D/Paper2D/Paper2D.uplugin
LogPluginManager: Loaded Plugin LightPropagationVolume, From G:/UnrealEngine-release4.13/Engine/Plugins/Blendables/LightPropagationVolume/LightPropagationVolume.uplugin
LogPluginManager: Loaded Plugin BlankPlugin, From G:/UnrealEngine-release4.13/Engine/Plugins/Developer/BlankPlugin/BlankPlugin.uplugin
LogPluginManager: Loaded Plugin CodeLiteSourceCodeAccess, From G:/UnrealEngine-release4.13/Engine/Plugins/Developer/CodeLiteSourceCodeAccess/CodeLiteSourceCodeAccess.uplugin
LogPluginManager: Loaded Plugin GitSourceControl, From G:/UnrealEngine-release4.13/Engine/Plugins/Developer/GitSourceControl/GitSourceControl.uplugin
LogPluginManager: Loaded Plugin KDevelopSourceCodeAccess, From G:/UnrealEngine-release4.13/Engine/Plugins/Developer/KDevelopSourceCodeAccess/KDevelopSourceCodeAccess.uplugin
LogPluginManager: Loaded Plugin NullSourceCodeAccess, From G:/UnrealEngine-release4.13/Engine/Plugins/Developer/NullSourceCodeAccess/NullSourceCodeAccess.uplugin
LogPluginManager: Loaded Plugin OneSkyLocalizationService, From G:/UnrealEngine-release4.13/Engine/Plugins/Developer/OneSkyLocalizationService/OneSkyLocalizationService.uplugin
LogPluginManager: Loaded Plugin PerforceSourceControl, From G:/UnrealEngine-release4.13/Engine/Plugins/Developer/PerforceSourceControl/PerforceSourceControl.uplugin
LogPluginManager: Loaded Plugin SubversionSourceControl, From G:/UnrealEngine-release4.13/Engine/Plugins/Developer/SubversionSourceControl/SubversionSourceControl.uplugin
LogPluginManager: Loaded Plugin UObjectPlugin, From G:/UnrealEngine-release4.13/Engine/Plugins/Developer/UObjectPlugin/UObjectPlugin.uplugin
LogPluginManager: Loaded Plugin VisualStudioSourceCodeAccess, From G:/UnrealEngine-release4.13/Engine/Plugins/Developer/VisualStudioSourceCodeAccess/VisualStudioSourceCodeAccess.uplugin
LogPluginManager: Loaded Plugin XCodeSourceCodeAccess, From G:/UnrealEngine-release4.13/Engine/Plugins/Developer/XCodeSourceCodeAccess/XCodeSourceCodeAccess.uplugin
LogPluginManager: Loaded Plugin EpicSurvey, From G:/UnrealEngine-release4.13/Engine/Plugins/Editor/EpicSurvey/EpicSurvey.uplugin
LogPluginManager: Loaded Plugin MacGraphicsSwitching, From G:/UnrealEngine-release4.13/Engine/Plugins/Editor/MacGraphicsSwitching/MacGraphicsSwitching.uplugin
LogPluginManager: Loaded Plugin MobileLauncherProfileWizard, From G:/UnrealEngine-release4.13/Engine/Plugins/Editor/MobileLauncherProfileWizard/MobileLauncherProfileWizard.uplugin
LogPluginManager: Loaded Plugin PluginBrowser, From G:/UnrealEngine-release4.13/Engine/Plugins/Editor/PluginBrowser/PluginBrowser.uplugin
LogPluginManager: Loaded Plugin SpeedTreeImporter, From G:/UnrealEngine-release4.13/Engine/Plugins/Editor/SpeedTreeImporter/SpeedTreeImporter.uplugin
LogPluginManager: Loaded Plugin SuperSearchEditor, From G:/UnrealEngine-release4.13/Engine/Plugins/Editor/SuperSearchEditor/SuperSearchEditor.uplugin
LogPluginManager: Loaded Plugin AlembicImporter, From G:/UnrealEngine-release4.13/Engine/Plugins/Experimental/AlembicImporter/AlembicImporter.uplugin
LogPluginManager: Loaded Plugin BlueprintStats, From G:/UnrealEngine-release4.13/Engine/Plugins/Experimental/BlueprintStats/BlueprintStats.uplugin
LogPluginManager: Loaded Plugin CharacterAI, From G:/UnrealEngine-release4.13/Engine/Plugins/Experimental/CharacterAI/CharacterAI.uplugin
LogPluginManager: Loaded Plugin CodeEditor, From G:/UnrealEngine-release4.13/Engine/Plugins/Experimental/CodeEditor/CodeEditor.uplugin
LogPluginManager: Loaded Plugin CodeView, From G:/UnrealEngine-release4.13/Engine/Plugins/Experimental/CodeView/CodeView.uplugin
LogPluginManager: Loaded Plugin HTML5Networking, From G:/UnrealEngine-release4.13/Engine/Plugins/Experimental/HTML5Networking/HTML5Networking.uplugin
LogPluginManager: Loaded Plugin LiveEditor, From G:/UnrealEngine-release4.13/Engine/Plugins/Experimental/LiveEditor/LiveEditor.uplugin
LogPluginManager: Loaded Plugin OSVR, From G:/UnrealEngine-release4.13/Engine/Plugins/Experimental/OSVR/OSVR.uplugin
LogPluginManager: Loaded Plugin Phya, From G:/UnrealEngine-release4.13/Engine/Plugins/Experimental/Phya/Phya.uplugin
LogPluginManager: Loaded Plugin SignificanceManager, From G:/UnrealEngine-release4.13/Engine/Plugins/Experimental/SignificanceManager/SignificanceManager.uplugin
LogPluginManager: Loaded Plugin SimpleHMD, From G:/UnrealEngine-release4.13/Engine/Plugins/Experimental/SimpleHMD/SimpleHMD.uplugin
LogPluginManager: Loaded Plugin StereoPanorama, From G:/UnrealEngine-release4.13/Engine/Plugins/Experimental/StereoPanorama/StereoPanorama.uplugin
LogPluginManager: Loaded Plugin StructBox, From G:/UnrealEngine-release4.13/Engine/Plugins/Experimental/StructBox/StructBox.uplugin
LogPluginManager: Loaded Plugin AndroidMedia, From G:/UnrealEngine-release4.13/Engine/Plugins/Media/AndroidMedia/AndroidMedia.uplugin
LogPluginManager: Loaded Plugin AvfMedia, From G:/UnrealEngine-release4.13/Engine/Plugins/Media/AvfMedia/AvfMedia.uplugin
LogPluginManager: Loaded Plugin MediaPlayerEditor, From G:/UnrealEngine-release4.13/Engine/Plugins/Media/MediaPlayerEditor/MediaPlayerEditor.uplugin
LogPluginManager: Loaded Plugin WmfMedia, From G:/UnrealEngine-release4.13/Engine/Plugins/Media/WmfMedia/WmfMedia.uplugin
LogPluginManager: Loaded Plugin MessagingDebugger, From G:/UnrealEngine-release4.13/Engine/Plugins/Messaging/MessagingDebugger/MessagingDebugger.uplugin
LogPluginManager: Loaded Plugin TcpMessaging, From G:/UnrealEngine-release4.13/Engine/Plugins/Messaging/TcpMessaging/TcpMessaging.uplugin
LogPluginManager: Loaded Plugin UdpMessaging, From G:/UnrealEngine-release4.13/Engine/Plugins/Messaging/UdpMessaging/UdpMessaging.uplugin
LogPluginManager: Loaded Plugin LevelSequenceEditor, From G:/UnrealEngine-release4.13/Engine/Plugins/MovieScene/LevelSequenceEditor/LevelSequenceEditor.uplugin
LogPluginManager: Loaded Plugin MatineeToLevelSequence, From G:/UnrealEngine-release4.13/Engine/Plugins/MovieScene/MatineeToLevelSequence/MatineeToLevelSequence.uplugin
LogPluginManager: Loaded Plugin NetcodeUnitTest, From G:/UnrealEngine-release4.13/Engine/Plugins/NetcodeUnitTest/NetcodeUnitTest/NetcodeUnitTest.uplugin
LogPluginManager: Loaded Plugin NUTUnrealEngine4, From G:/UnrealEngine-release4.13/Engine/Plugins/NetcodeUnitTest/NUTUnrealEngine4/NUTUnrealEngine4.uplugin
LogPluginManager: Loaded Plugin OnlineSubsystemGooglePlay, From G:/UnrealEngine-release4.13/Engine/Plugins/Online/Android/OnlineSubsystemGooglePlay/OnlineSubsystemGooglePlay.uplugin
LogPluginManager: Loaded Plugin OnlineSubsystemIOS, From G:/UnrealEngine-release4.13/Engine/Plugins/Online/IOS/OnlineSubsystemIOS/OnlineSubsystemIOS.uplugin
LogPluginManager: Loaded Plugin OnlineFramework, From G:/UnrealEngine-release4.13/Engine/Plugins/Online/OnlineFramework/OnlineFramework.uplugin
LogPluginManager: Loaded Plugin OnlineSubsystem, From G:/UnrealEngine-release4.13/Engine/Plugins/Online/OnlineSubsystem/OnlineSubsystem.uplugin
LogPluginManager: Loaded Plugin OnlineSubsystemAmazon, From G:/UnrealEngine-release4.13/Engine/Plugins/Online/OnlineSubsystemAmazon/OnlineSubsystemAmazon.uplugin
LogPluginManager: Loaded Plugin OnlineSubsystemFacebook, From G:/UnrealEngine-release4.13/Engine/Plugins/Online/OnlineSubsystemFacebook/OnlineSubsystemFacebook.uplugin
LogPluginManager: Loaded Plugin OnlineSubsystemNull, From G:/UnrealEngine-release4.13/Engine/Plugins/Online/OnlineSubsystemNull/OnlineSubsystemNull.uplugin
LogPluginManager: Loaded Plugin OnlineSubsystemOculus, From G:/UnrealEngine-release4.13/Engine/Plugins/Online/OnlineSubsystemOculus/OnlineSubsystemOculus.uplugin
LogPluginManager: Loaded Plugin OnlineSubsystemSteam, From G:/UnrealEngine-release4.13/Engine/Plugins/Online/OnlineSubsystemSteam/OnlineSubsystemSteam.uplugin
LogPluginManager: Loaded Plugin OnlineSubsystemUtils, From G:/UnrealEngine-release4.13/Engine/Plugins/Online/OnlineSubsystemUtils/OnlineSubsystemUtils.uplugin
LogPluginManager: Loaded Plugin IOSTapJoy, From G:/UnrealEngine-release4.13/Engine/Plugins/Runtime/Advertising/IOSTapJoy/IOSTapJoy.uplugin
LogPluginManager: Loaded Plugin AnalyticsBlueprintLibrary, From G:/UnrealEngine-release4.13/Engine/Plugins/Runtime/Analytics/AnalyticsBlueprintLibrary/AnalyticsBlueprintLibrary.uplugin
LogPluginManager: Loaded Plugin AnalyticsMulticast, From G:/UnrealEngine-release4.13/Engine/Plugins/Runtime/Analytics/AnalyticsMulticast/AnalyticsMulticast.uplugin
LogPluginManager: Loaded Plugin Apsalar, From G:/UnrealEngine-release4.13/Engine/Plugins/Runtime/Analytics/Apsalar/Apsalar.uplugin
LogPluginManager: Loaded Plugin FileLogging, From G:/UnrealEngine-release4.13/Engine/Plugins/Runtime/Analytics/FileLogging/FileLogging.uplugin
LogPluginManager: Loaded Plugin Flurry, From G:/UnrealEngine-release4.13/Engine/Plugins/Runtime/Analytics/Flurry/Flurry.uplugin
LogPluginManager: Loaded Plugin AndroidDeviceProfileSelector, From G:/UnrealEngine-release4.13/Engine/Plugins/Runtime/AndroidDeviceProfileSelector/AndroidDeviceProfileSelector.uplugin
LogPluginManager: Loaded Plugin AndroidMoviePlayer, From G:/UnrealEngine-release4.13/Engine/Plugins/Runtime/AndroidMoviePlayer/AndroidMoviePlayer.uplugin
LogPluginManager: Loaded Plugin AppleMoviePlayer, From G:/UnrealEngine-release4.13/Engine/Plugins/Runtime/AppleMoviePlayer/AppleMoviePlayer.uplugin
LogPluginManager: Loaded Plugin ArchVisCharacter, From G:/UnrealEngine-release4.13/Engine/Plugins/Runtime/ArchVisCharacter/ArchVisCharacter.uplugin
LogPluginManager: Loaded Plugin CableComponent, From G:/UnrealEngine-release4.13/Engine/Plugins/Runtime/CableComponent/CableComponent.uplugin
LogPluginManager: Loaded Plugin CustomMeshComponent, From G:/UnrealEngine-release4.13/Engine/Plugins/Runtime/CustomMeshComponent/CustomMeshComponent.uplugin
LogPluginManager: Loaded Plugin ExampleDeviceProfileSelector, From G:/UnrealEngine-release4.13/Engine/Plugins/Runtime/ExampleDeviceProfileSelector/ExampleDeviceProfileSelector.uplugin
LogPluginManager: Loaded Plugin GearVR, From G:/UnrealEngine-release4.13/Engine/Plugins/Runtime/GearVR/GearVR.uplugin
LogPluginManager: Loaded Plugin GoogleVRController, From G:/UnrealEngine-release4.13/Engine/Plugins/Runtime/GoogleVR/GoogleVRController/GoogleVRController.uplugin
LogPluginManager: Loaded Plugin GoogleVRHMD, From G:/UnrealEngine-release4.13/Engine/Plugins/Runtime/GoogleVR/GoogleVRHMD/GoogleVRHMD.uplugin
LogPluginManager: Loaded Plugin IOSDeviceProfileSelector, From G:/UnrealEngine-release4.13/Engine/Plugins/Runtime/IOSDeviceProfileSelector/IOSDeviceProfileSelector.uplugin
LogPluginManager: Loaded Plugin LeapMotion, From G:/UnrealEngine-release4.13/Engine/Plugins/Runtime/LeapMotion/LeapMotion.uplugin
LogPluginManager: Loaded Plugin LinuxDeviceProfileSelector, From G:/UnrealEngine-release4.13/Engine/Plugins/Runtime/LinuxDeviceProfileSelector/LinuxDeviceProfileSelector.uplugin
LogPluginManager: Loaded Plugin LiveEditorListenServer, From G:/UnrealEngine-release4.13/Engine/Plugins/Runtime/LiveEditorListenServer/LiveEditorListenServer.uplugin
LogPluginManager: Loaded Plugin OculusAudio, From G:/UnrealEngine-release4.13/Engine/Plugins/Runtime/OculusAudio/OculusAudio.uplugin
LogPluginManager: Loaded Plugin OculusInput, From G:/UnrealEngine-release4.13/Engine/Plugins/Runtime/OculusInput/OculusInput.uplugin
LogPluginManager: Loaded Plugin OculusLibrary, From G:/UnrealEngine-release4.13/Engine/Plugins/Runtime/OculusLibrary/OculusLibrary.uplugin
LogPluginManager: Loaded Plugin OculusRift, From G:/UnrealEngine-release4.13/Engine/Plugins/Runtime/OculusRift/OculusRift.uplugin
LogPluginManager: Loaded Plugin Oodle, From G:/UnrealEngine-release4.13/Engine/Plugins/Runtime/PacketHandlers/CompressionComponents/Oodle/Oodle.uplugin
LogPluginManager: Loaded Plugin ProceduralMeshComponent, From G:/UnrealEngine-release4.13/Engine/Plugins/Runtime/ProceduralMeshComponent/ProceduralMeshComponent.uplugin
LogPluginManager: Loaded Plugin SoundMod, From G:/UnrealEngine-release4.13/Engine/Plugins/Runtime/SoundMod/SoundMod.uplugin
LogPluginManager: Loaded Plugin SoundVisualizations, From G:/UnrealEngine-release4.13/Engine/Plugins/Runtime/SoundVisualizations/SoundVisualizations.uplugin
LogPluginManager: Loaded Plugin SteamController, From G:/UnrealEngine-release4.13/Engine/Plugins/Runtime/Steam/SteamController/SteamController.uplugin
LogPluginManager: Loaded Plugin SteamVR, From G:/UnrealEngine-release4.13/Engine/Plugins/Runtime/Steam/SteamVR/SteamVR.uplugin
LogPluginManager: Loaded Plugin TwitchLiveStreaming, From G:/UnrealEngine-release4.13/Engine/Plugins/Runtime/TwitchLiveStreaming/TwitchLiveStreaming.uplugin
LogPluginManager: Loaded Plugin WebBrowserWidget, From G:/UnrealEngine-release4.13/Engine/Plugins/Runtime/WebBrowserWidget/WebBrowserWidget.uplugin
LogPluginManager: Loaded Plugin WindowsDeviceProfileSelector, From G:/UnrealEngine-release4.13/Engine/Plugins/Runtime/WindowsDeviceProfileSelector/WindowsDeviceProfileSelector.uplugin
LogPluginManager: Loaded Plugin WindowsMoviePlayer, From G:/UnrealEngine-release4.13/Engine/Plugins/Runtime/WindowsMoviePlayer/WindowsMoviePlayer.uplugin
LogPluginManager: Loaded Plugin ScriptPlugin, From G:/UnrealEngine-release4.13/Engine/Plugins/ScriptPlugin/ScriptPlugin.uplugin
LogPluginManager: Loaded Plugin SlateRemote, From G:/UnrealEngine-release4.13/Engine/Plugins/Slate/SlateRemote/SlateRemote.uplugin
LogModuleManager:Warning: No filename provided for module XMPP
LogModuleManager:Warning: ModuleManager: Unable to load module 'XMPP' because the file 'G:/UnrealEngine-release4.13/Engine/Binaries/Win64/' was not found.
LogInit: Using libcurl 7.47.1
LogInit:  - built for x86_64-pc-win32
LogInit:  - supports SSL with WinSSL
LogInit:  - other features:
LogInit:      CURL_VERSION_SSL
LogInit:      CURL_VERSION_IPV6
LogInit:      CURL_VERSION_ASYNCHDNS
LogInit:      CURL_VERSION_LARGEFILE
LogInit:      CURL_VERSION_IDN
LogInit:  CurlRequestOptions (configurable via config and command line):
LogInit:  - bVerifyPeer = false  - Libcurl will NOT verify peer certificate
LogInit:  - bUseHttpProxy = false  - Libcurl will NOT use HTTP proxy
LogInit:  - bDontReuseConnections = false  - Libcurl will reuse connections
LogInit:  - CertBundlePath = nullptr  - Libcurl will use whatever was configured at build time.
LogInit: Build: UE4-CL-0
LogInit: Engine Version: 4.13.0-0+UE4
LogInit: Compatible Engine Version: 4.13.0-0+UE4
LogInit: Net CL: 0
LogDevObjectVersion: Number of dev versions registered: 13
LogDevObjectVersion:   Dev-Blueprints (B0D832E4-1F89-4F0D-ACCF-7EB736FD4AA2): 5
LogDevObjectVersion:   Dev-Build (E1C64328-A22C-4D53-A36C-8E866417BD8C): 0
LogDevObjectVersion:   Dev-Core (375EC13C-06E4-48FB-B500-84F0262A717E): 1
LogDevObjectVersion:   Dev-Editor (E4B068ED-F494-42E9-A231-DA0B2E46BB41): 6
LogDevObjectVersion:   Dev-Framework (CFFC743F-43B0-4480-9391-14DF171D2073): 12
LogDevObjectVersion:   Dev-Mobile (B02B49B5-BB20-44E9-A304-32B752E40360): 0
LogDevObjectVersion:   Dev-Networking (A4E4105C-59A1-49B5-A7C5-40C4547EDFEE): 0
LogDevObjectVersion:   Dev-Online (39C831C9-5AE6-47DC-9A44-9C173E1C8E7C): 0
LogDevObjectVersion:   Dev-Physics (78F01B33-EBEA-4F98-B9B4-84EACCB95AA2): 0
LogDevObjectVersion:   Dev-Platform (6631380F-2D4D-43E0-8009-CF276956A95A): 0
LogDevObjectVersion:   Dev-Rendering (12F88B9F-8875-4AFC-A67C-D90C383ABD29): 4
LogDevObjectVersion:   Dev-Sequencer (7B5AE74C-D270-4C10-A958-57980B212A5A): 0
LogDevObjectVersion:   Dev-VR (D7296918-1DD6-4BDD-9DE2-64A83CC13884): 0
LogInit: Compiled (64-bit): Sep  8 2016 11:13:33
LogInit: Compiled with Visual C++: 19.00.23918.00
LogInit: Build Configuration: Development
LogInit: Branch Name: UE4
LogInit: Command line:  
LogInit: Base directory: G:/UnrealEngine-release4.13/Engine/Binaries/Win64/
LogInit: Installed Engine Build: 0
LogInit: Presizing for max 8388607 objects, including 0 objects not considered by GC, pre-allocating 0 bytes for permanent pool.
LogInit: Object subsystem initialized
[2016.09.16-07.18.46:135][  0]LogInit: Selected Device Profile: [Windows]
[2016.09.16-07.18.46:135][  0]LogInit: Applying CVar settings loaded from the selected device profile: [Windows]
[2016.09.16-07.18.46:161][  0]LogInit: Computer: PC-20160608SDYI
[2016.09.16-07.18.46:161][  0]LogInit: User: Administrator
[2016.09.16-07.18.46:161][  0]LogInit: CPU Page size=65536, Cores=4
[2016.09.16-07.18.46:161][  0]LogInit: High frequency timer resolution =14.318180 MHz
[2016.09.16-07.18.46:162][  0]LogMemory: Memory total: Physical=24.0GB (24GB approx)
[2016.09.16-07.18.46:162][  0]LogMemory: Platform Memory Stats for Windows
[2016.09.16-07.18.46:162][  0]LogMemory: Process Physical Memory: 255.31 MB used, 255.31 MB peak
[2016.09.16-07.18.46:162][  0]LogMemory: Process Virtual Memory: 260.39 MB used, 260.39 MB peak
[2016.09.16-07.18.46:162][  0]LogMemory: Physical Memory: 6367.51 MB used, 24575.30 MB total
[2016.09.16-07.18.46:162][  0]LogMemory: Virtual Memory: 583.21 MB used, 8388608.00 MB total
[2016.09.16-07.18.46:310][  0]LogTextLocalizationManager:Warning: Loaded localization resources contain conflicting entries for (Namespace:UObjectToolTips, Key:AnimNode_AssetPlayerBase:InternalTimeAccumulator):
Localization Resource: (G:/UnrealEngine-release4.13/Engine/Content/Localization/EditorTutorials/zh-CN/EditorTutorials.locres) Source String Hash: (502993589) Localized String: (用于引用此节点中的资源的累积时间)
Localization Resource: (G:/UnrealEngine-release4.13/Engine/Content/Localization/Engine/zh-CN/Engine.locres) Source String Hash: (502993589) Localized String: (引用该节点中资源所用的累计时间)
[2016.09.16-07.18.46:310][  0]LogTextLocalizationManager:Warning: Loaded localization resources contain conflicting entries for (Namespace:UObjectToolTips, Key:AnimNode_AssetPlayerBase:bIgnoreForRelevancyTest):
Localization Resource: (G:/UnrealEngine-release4.13/Engine/Content/Localization/EditorTutorials/zh-CN/EditorTutorials.locres) Source String Hash: (319969718) Localized String: (若为真，在状态中寻找最高权重动画的“相关动画”节点将忽视 此节点)
Localization Resource: (G:/UnrealEngine-release4.13/Engine/Content/Localization/Engine/zh-CN/Engine.locres) Source String Hash: (319969718) Localized String: (如果为真，那么将会忽略查找最高权重动画的"相关动画"节点。
这个节点)
[2016.09.16-07.18.46:310][  0]LogTextLocalizationManager:Warning: Loaded localization resources contain conflicting entries for (Namespace:UObjectToolTips, Key:AnimNode_AssetPlayerBase:BlendWeight):
Localization Resource: (G:/UnrealEngine-release4.13/Engine/Content/Localization/EditorTutorials/zh-CN/EditorTutorials.locres) Source String Hash: (-1232800293) Localized String: (此节点最后交会的混合权重)
Localization Resource: (G:/UnrealEngine-release4.13/Engine/Content/Localization/Engine/zh-CN/Engine.locres) Source String Hash: (-1232800293) Localized String: (该节点上一次遇到的混合权重)
[2016.09.16-07.18.46:827][  0]LogD3D11RHI: D3D11 adapters:
[2016.09.16-07.18.46:868][  0]LogD3D11RHI:    0. 'NVIDIA GeForce GTS 450' (Feature Level 11_0)
[2016.09.16-07.18.46:868][  0]LogD3D11RHI:       979/0/3071 MB DedicatedVideo/DedicatedSystem/SharedSystem, Outputs:1, VendorId:0x10de
[2016.09.16-07.18.46:868][  0]LogD3D11RHI: Chosen D3D11 Adapter: 0
[2016.09.16-07.18.46:877][  0]LogD3D11RHI: Creating new Direct3DDevice
[2016.09.16-07.18.46:878][  0]LogD3D11RHI:     GPU DeviceId: 0x1245 (for the marketing name, search the web for "GPU Device Id")
[2016.09.16-07.18.46:878][  0]LogWindows: EnumDisplayDevices:
[2016.09.16-07.18.46:878][  0]LogWindows:    0. 'NVIDIA GeForce GTS 450' (P:1 D:1)
[2016.09.16-07.18.46:879][  0]LogWindows:    1. 'NVIDIA GeForce GTS 450' (P:0 D:0)
[2016.09.16-07.18.46:879][  0]LogWindows:    2. 'RDPDD Chained DD' (P:0 D:0)
[2016.09.16-07.18.46:880][  0]LogWindows:    3. 'RDP Encoder Mirror Driver' (P:0 D:0)
[2016.09.16-07.18.46:880][  0]LogWindows:    4. 'RDP Reflector Display Driver' (P:0 D:0)
[2016.09.16-07.18.46:881][  0]LogWindows: DebugString: GetVideoDriverDetailsInvalid PrimaryIsNotTheChoosenAdapter GetVideoDriverDetailsInvalid PrimaryIsNotTheChoosenAdapter GetVideoDriverDetailsInvalid PrimaryIsNotTheChoosenAdapter FoundDriverCount:2 
[2016.09.16-07.18.46:881][  0]LogD3D11RHI:     Adapter Name: NVIDIA GeForce GTS 450
[2016.09.16-07.18.46:881][  0]LogD3D11RHI:   Driver Version: 368.22 (internal:10.18.13.6822, unified:368.22)
[2016.09.16-07.18.46:881][  0]LogD3D11RHI:      Driver Date: 5-19-2016
[2016.09.16-07.18.46:881][  0]LogRHI: Texture pool is 685 MB (70% of 979 MB)
[2016.09.16-07.18.46:903][  0]LogD3D11RHI: Async texture creation enabled
[2016.09.16-07.18.46:922][  0]LogD3D11RHI: GPU Timing Frequency: 1000.000000 (Debug: 2 2)
[2016.09.16-07.18.46:922][  0]LogShaderCompilers: Guid format shader working directory is 22 characters bigger than the processId version (F:/虚幻4百度云盘/已上传/GRMaleHero02/Intermediate/Shaders/WorkingDirectory/1940/).
[2016.09.16-07.18.46:923][  0]LogShaderCompilers: Cleaned the shader compiler working directory 'C:/Users/ADMINI~1/AppData/Local/Temp/UnrealShaderWorkingDir/0336DABC4C98A11CBC8E9B87FD9C2B50/'.
[2016.09.16-07.18.46:923][  0]LogShaderCompilers:Display: Using Local Shader Compiler.
[2016.09.16-07.18.49:324][  0]LogTemp:Display: Loaded TP WindowsTargetPlatform
[2016.09.16-07.18.49:335][  0]LogTemp:Display: Loaded TP WindowsNoEditorTargetPlatform
[2016.09.16-07.18.49:345][  0]LogTemp:Display: Loaded TP WindowsServerTargetPlatform
[2016.09.16-07.18.49:356][  0]LogTemp:Display: Loaded TP WindowsClientTargetPlatform
[2016.09.16-07.18.49:366][  0]LogTemp:Display: Loaded TP AllDesktopTargetPlatform
[2016.09.16-07.18.49:376][  0]LogTemp:Display: Loaded TP AndroidTargetPlatform
[2016.09.16-07.18.49:385][  0]LogTemp:Display: Loaded TP Android_PVRTCTargetPlatform
[2016.09.16-07.18.49:393][  0]LogTemp:Display: Loaded TP Android_ATCTargetPlatform
[2016.09.16-07.18.49:403][  0]LogTemp:Display: Loaded TP Android_DXTTargetPlatform
[2016.09.16-07.18.49:412][  0]LogTemp:Display: Loaded TP Android_ETC1TargetPlatform
[2016.09.16-07.18.49:421][  0]LogTemp:Display: Loaded TP Android_ETC2TargetPlatform
[2016.09.16-07.18.49:431][  0]LogTemp:Display: Loaded TP Android_ASTCTargetPlatform
[2016.09.16-07.18.49:440][  0]LogTemp:Display: Loaded TP Android_MultiTargetPlatform
[2016.09.16-07.18.49:441][  0]LogTemp:Display: Loaded TP HTML5TargetPlatform
[2016.09.16-07.18.49:464][  0]LogTemp:Display: Loaded TP IOSTargetPlatform
[2016.09.16-07.18.49:472][  0]LogTemp:Display: Loaded TP TVOSTargetPlatform
[2016.09.16-07.18.49:472][  0]LogTargetPlatformManager:Display: Building Assets For Windows
[2016.09.16-07.18.49:590][  0]LogDerivedDataCache:Display: Max Cache Size: 512 MB
[2016.09.16-07.18.49:740][  0]LogDerivedDataCache: Loaded boot cache 0.15s 62MB F:/虚幻4百度云盘/已上传/GRMaleHero02/DerivedDataCache/Boot.ddc.
[2016.09.16-07.18.49:740][  0]LogDerivedDataCache:Display: Loaded Boot cache: F:/虚幻4百度云盘/已上传/GRMaleHero02/DerivedDataCache/Boot.ddc
[2016.09.16-07.18.49:740][  0]LogDerivedDataCache: FDerivedDataBackendGraph:  Pak pak cache file F:/虚幻4百度云盘/已上传/GRMaleHero02/DerivedDataCache/DDC.ddp not found, will not use a pak cache.
[2016.09.16-07.18.49:740][  0]LogDerivedDataCache: Unable to find inner node Pak for hierarchical cache Hierarchy.
[2016.09.16-07.18.49:741][  0]LogDerivedDataCache: FDerivedDataBackendGraph:  EnginePak pak cache file ../../../Engine/DerivedDataCache/DDC.ddp not found, will not use a pak cache.
[2016.09.16-07.18.49:741][  0]LogDerivedDataCache: Unable to find inner node EnginePak for hierarchical cache Hierarchy.
[2016.09.16-07.18.49:766][  0]LogDerivedDataCache: Using Local data cache path ../../../Engine/DerivedDataCache: Writable
[2016.09.16-07.18.49:766][  0]LogDerivedDataCache: Shared data cache path not found in *engine.ini, will not use an Shared cache.
[2016.09.16-07.18.49:766][  0]LogDerivedDataCache: Unable to find inner node Shared for hierarchical cache Hierarchy.
[2016.09.16-07.18.50:154][  0]LogInit: Selected Device Profile: [Windows]
[2016.09.16-07.18.50:155][  0]LogMaterial: Uniform references updated for custom material expression Custom.
[2016.09.16-07.18.50:162][  0]LogContentStreaming: Texture pool size is 0.00 MB
[2016.09.16-07.18.50:423][  0]LogMeshUtilities: No automatic mesh reduction module available
[2016.09.16-07.18.50:423][  0]LogMeshUtilities: No automatic mesh merging module available
[2016.09.16-07.18.50:423][  0]LogMeshUtilities: No distributed automatic mesh merging module available
[2016.09.16-07.18.51:023][  0]LogNetVersion: GetLocalNetworkVersion: CL: 0, ProjectName: grmalehero02, ProjectVersion: , EngineNetworkVersion: 1, GameNetworkVersion: 0, NetworkChecksum: 1177709170
[2016.09.16-07.18.51:069][  0]LogAssetRegistry: FAssetRegistry took 0.0201 seconds to start up
[2016.09.16-07.18.51:505][  0]LogPackageLocalizationCache: Processed 3 localized package path(s) for 4 prioritized culture(s) in 0.427671 seconds
[2016.09.16-07.18.51:516][  0]LogUObjectArray: 29769 objects as part of root set at end of initial load.
[2016.09.16-07.18.51:516][  0]LogUObjectAllocator: 6122888 out of 0 bytes used by permanent object pool.
[2016.09.16-07.18.51:516][  0]LogUObjectArray: CloseDisregardForGC: 0/0 objects in disregard for GC pool
[2016.09.16-07.18.51:524][  0]LogInit: WinSock: version 1.1 (2.2), MaxSocks=32767, MaxUdp=65467
[2016.09.16-07.18.51:909][  0]LogSlate: SlateFontCache - WITH_FREETYPE: 1, WITH_HARFBUZZ: 1
[2016.09.16-07.18.51:909][  0]LogSlate: SlateFontCache - WITH_FREETYPE: 1, WITH_HARFBUZZ: 1
[2016.09.16-07.18.53:017][  0]LogUdpMessaging: Initializing bridge on interface 0.0.0.0:0 to multicast group 230.0.0.1:6666.
[2016.09.16-07.18.53:426][  0]SourceControl: 信息 源码控制已禁用
[2016.09.16-07.18.53:427][  0]SourceControl: 信息 源码控制已禁用
[2016.09.16-07.18.53:445][  0]SourceControl: 信息 源码控制已禁用
[2016.09.16-07.18.53:462][  0]SourceControl: 信息 源码控制已禁用
[2016.09.16-07.18.54:021][  0]LogEngine: Initializing Engine...
[2016.09.16-07.18.54:023][  0]LogHMD: Failed to initialize OpenVR with code 110
[2016.09.16-07.18.54:274][  0]LogAIModule: Creating AISystem for world Untitled
[2016.09.16-07.18.54:312][  0]LogInit: XAudio2 using '扬声器 (High Definition Audio 设备)' : 2 channels at 44.1 kHz using 16 bits per sample (channel mask 0x3)
[2016.09.16-07.18.54:377][  0]LogInit: FAudioDevice initialized.
[2016.09.16-07.18.54:440][  0]LogDerivedDataCache: Saved boot cache 0.06s 62MB F:/虚幻4百度云盘/已上传/GRMaleHero02/DerivedDataCache/Boot.ddc.
[2016.09.16-07.18.54:463][  0]LogInit: Texture streaming: Enabled
[2016.09.16-07.18.54:506][  0]LogInit: Transaction tracking system initialized
[2016.09.16-07.18.54:538][  0]BlueprintLog: New page: 编辑器加载
[2016.09.16-07.18.54:664][  0]LocalizationService: 信息 本地化服务已被禁用
[2016.09.16-07.18.54:792][  0]LogConsoleResponse:Display: 
[2016.09.16-07.18.54:970][  0]LogCook:Display: Max memory allowance for cook 16384mb min free memory 0mb
[2016.09.16-07.18.54:970][  0]LogCook:Display: Mobile HDR setting 1
[2016.09.16-07.18.55:255][  0]LogFileCache: Scanning file cache for directory 'F:/虚幻4百度云盘/已上传/GRMaleHero02/Content/' took 0.01s
[2016.09.16-07.18.55:255][  0]SourceControl: 信息 源码控制已禁用
[2016.09.16-07.18.55:255][  0]Cmd: MAP LOAD FILE="F:/虚幻4百度云盘/已上传/GRMaleHero02/Content/GR_MALE_HERO_02/Levels/GR_MALE_HERO_02.umap" TEMPLATE=0 SHOWPROGRESS=1 FEATURELEVEL=3
[2016.09.16-07.18.55:256][  0]LightingResults: New page: 光照构建
[2016.09.16-07.18.55:260][  0]MapCheck: New page: 地图检测
[2016.09.16-07.18.55:260][  0]LightingResults: New page: 光照构建
[2016.09.16-07.18.56:409][  0]LogAIModule: Creating AISystem for world GR_MALE_HERO_02
[2016.09.16-07.18.56:430][  0]LogEditorServer: Finished looking for orphan Actors (0.000 secs)
[2016.09.16-07.18.56:431][  0]Cmd: MAP CHECKDEP NOCLEARLOG
[2016.09.16-07.18.56:498][  0]MapCheck: 信息 地图检测完成：0个错误，0 个警告，用时66.407毫秒完成。
[2016.09.16-07.18.56:498][  0]LogFileHelpers: Loading map 'GR_MALE_HERO_02' took 1.243
[2016.09.16-07.18.56:648][  0]LogCollectionManager: Loaded 0 collections in 0.002522 seconds
[2016.09.16-07.18.56:692][  0]LogFileCache: Scanning file cache for directory 'F:/虚幻4百度云盘/已上传/GRMaleHero02/Saved/Collections/' took 0.01s
[2016.09.16-07.18.56:692][  0]LogFileCache: Scanning file cache for directory 'F:/虚幻4百度云盘/已上传/GRMaleHero02/Content/Developers/Administrator/Collections/' took 0.01s
[2016.09.16-07.18.56:693][  0]LogFileCache: Scanning file cache for directory 'F:/虚幻4百度云盘/已上传/GRMaleHero02/Content/Collections/' took 0.01s
[2016.09.16-07.18.56:693][  0]LogCollectionManager: Rebuilt the GUID cache for 0 collections in 0.000005 seconds
[2016.09.16-07.18.56:708][  0]LogContentBrowser: Native class hierarchy populated in 0.0151 seconds. Added 2140 classes and 413 folders.
[2016.09.16-07.18.56:713][  0]LogStats: UGameplayTagsManager::ConstructGameplayTagTree: Construct from data asset -  0.000 s
[2016.09.16-07.18.56:713][  0]LogStats: UGameplayTagsManager::ConstructGameplayTagTree: GameplayTagTreeChangedEvent.Broadcast -  0.000 s
[2016.09.16-07.18.56:714][  0]LogContentBrowser: Native class hierarchy updated for 'GameplayTags' in 0.0010 seconds. Added 12 classes and 0 folders.
[2016.09.16-07.18.56:721][  0]LogContentBrowser: Native class hierarchy updated for 'WidgetCarousel' in 0.0007 seconds. Added 0 classes and 0 folders.
[2016.09.16-07.18.56:749][  0]LogFeaturePack:Warning: Error in Feature pack G:/UnrealEngine-release4.13/FeaturePacks/TP_VirtualRealityBP.upack. Failed to parse manifest: Comma token expected, but not found. Line: 31 Ch: 13
[2016.09.16-07.18.56:785][  0]LogContentBrowser: Native class hierarchy updated for 'AddContentDialog' in 0.0007 seconds. Added 0 classes and 0 folders.
[2016.09.16-07.18.56:795][  0]LogContentBrowser: Native class hierarchy updated for 'SceneOutliner' in 0.0008 seconds. Added 1 classes and 2 folders.
[2016.09.16-07.18.56:816][  0]LogCrashTracker: Crashtracker disabled due to settings.
[2016.09.16-07.18.56:823][  0]LogUObjectGlobals:Warning: 寻找对象'Class 无.'失败
[2016.09.16-07.18.56:852][  0]LogContentBrowser: Native class hierarchy updated for 'HierarchicalLODOutliner' in 0.0008 seconds. Added 1 classes and 2 folders.
[2016.09.16-07.18.56:853][  0]LogLoad: (Engine Initialization) Total time: 12.27 seconds
[2016.09.16-07.18.56:853][  0]LogLoad: (Engine Initialization) Total Blueprint compile time: 0.26 seconds
[2016.09.16-07.18.56:853][  0]LogExternalProfiler: No external profilers were discovered.  External profiling features will not be available.
[2016.09.16-07.18.56:865][  0]LogOcInput: OculusInput pre-init called
[2016.09.16-07.18.56:888][  0]LogContentStreaming: Texture pool size now 1000 MB
[2016.09.16-07.18.57:150][  0]LogRenderer: Reallocating scene render targets to support 732x528 (Frame:2).
[2016.09.16-07.18.57:675][  3]LogAssetRegistry: Asset discovery search completed in 6.6259 seconds
[2016.09.16-07.18.57:675][  3]LogCollectionManager: Rebuilt the object cache for 0 collections in 0.000002 seconds (found 0 objects)
[2016.09.16-07.18.57:675][  3]LogCollectionManager: Fixed up redirectors for 0 collections in 0.000048 seconds (updated 0 objects)
[2016.09.16-07.19.07:983][194]LogEditorViewport: Clicking on Actor (LMB): StaticMeshActor (Floor)
[2016.09.16-07.19.09:314][292]LogRenderer: Reallocating scene render targets to support 736x528 (Frame:10).
[2016.09.16-07.19.09:407][293]LogRenderer: Reallocating scene render targets to support 744x528 (Frame:12).
[2016.09.16-07.19.09:572][294]LogRenderer: Reallocating scene render targets to support 852x528 (Frame:14).
[2016.09.16-07.19.09:689][295]LogRenderer: Reallocating scene render targets to support 1000x528 (Frame:16).
[2016.09.16-07.19.09:831][296]LogRenderer: Reallocating scene render targets to support 1052x528 (Frame:18).
[2016.09.16-07.19.09:984][297]LogRenderer: Reallocating scene render targets to support 1088x528 (Frame:20).
[2016.09.16-07.19.10:131][298]LogRenderer: Reallocating scene render targets to support 1112x528 (Frame:22).
[2016.09.16-07.19.10:278][299]LogRenderer: Reallocating scene render targets to support 1156x528 (Frame:24).
[2016.09.16-07.19.10:445][300]LogRenderer: Reallocating scene render targets to support 1168x528 (Frame:26).
[2016.09.16-07.19.10:592][301]LogRenderer: Reallocating scene render targets to support 1184x528 (Frame:28).
[2016.09.16-07.19.10:721][302]LogRenderer: Reallocating scene render targets to support 1188x528 (Frame:30).
[2016.09.16-07.19.10:878][303]LogRenderer: Reallocating scene render targets to support 1192x528 (Frame:32).
[2016.09.16-07.19.12:494][422]LogRenderer: Reallocating scene render targets to support 1192x532 (Frame:37).
[2016.09.16-07.19.12:692][424]LogRenderer: Reallocating scene render targets to support 1192x544 (Frame:41).
[2016.09.16-07.19.12:780][425]LogRenderer: Reallocating scene render targets to support 1192x584 (Frame:43).
[2016.09.16-07.19.12:927][426]LogRenderer: Reallocating scene render targets to support 1192x612 (Frame:45).
[2016.09.16-07.19.13:106][427]LogRenderer: Reallocating scene render targets to support 1192x644 (Frame:47).
[2016.09.16-07.19.13:262][428]LogRenderer: Reallocating scene render targets to support 1192x680 (Frame:49).
[2016.09.16-07.19.13:446][429]LogRenderer: Reallocating scene render targets to support 1192x704 (Frame:51).
[2016.09.16-07.19.13:590][430]LogRenderer: Reallocating scene render targets to support 1192x724 (Frame:53).
[2016.09.16-07.19.15:161][548]LogEditorViewport: Clicking on Actor (LMB): BP_Sky_Sphere_C (SkySphereBlueprint)
[2016.09.16-07.19.23:471][178]Cmd: QUIT_EDITOR
[2016.09.16-07.19.23:551][178]LogExit: Preparing to exit.
[2016.09.16-07.19.24:189][178]LogExit: Editor shut down
[2016.09.16-07.19.24:190][178]LogExit: Transaction tracking system shut down
[2016.09.16-07.19.24:365][178]LogObj: Freed 0b from 0 cluster array pools.
[2016.09.16-07.19.24:365][178]LogExit: Object subsystem successfully closed.
[2016.09.16-07.19.24:381][178]LogD3D11RHI: Shutdown
[2016.09.16-07.19.24:381][178]LogD3D11RHI: CleanupD3DDevice
[2016.09.16-07.19.24:502][178]LogD3D11RHI: ~FD3D11DynamicRHI
[2016.09.16-07.19.24:513][178]LogModuleManager: Shutting down and abandoning module HierarchicalLODOutliner (228)
[2016.09.16-07.19.24:513][178]LogModuleManager: Shutting down and abandoning module CrashTracker (227)
[2016.09.16-07.19.24:513][178]LogModuleManager: Shutting down and abandoning module SceneOutliner (226)
[2016.09.16-07.19.24:513][178]LogModuleManager: Shutting down and abandoning module WidgetCarousel (225)
[2016.09.16-07.19.24:513][178]LogModuleManager: Shutting down and abandoning module AddContentDialog (224)
[2016.09.16-07.19.24:513][178]LogDirectoryWatcher: A directory notification for 'G:/UnrealEngine-release4.13/FeaturePacks/' was aborted.
[2016.09.16-07.19.24:521][178]LogModuleManager: Shutting down and abandoning module GameplayTags (223)
[2016.09.16-07.19.24:521][178]LogModuleManager: Shutting down and abandoning module EditorWidgets (222)
[2016.09.16-07.19.24:521][178]LogModuleManager: Shutting down and abandoning module CollectionManager (221)
[2016.09.16-07.19.24:521][178]LogDirectoryWatcher: A directory notification for 'F:/虚幻4百度云盘/已上传/GRMaleHero02/Content/Collections/' was aborted.
[2016.09.16-07.19.24:521][178]LogDirectoryWatcher: A directory notification for 'F:/虚幻4百度云盘/已上传/GRMaleHero02/Content/Developers/Administrator/Collections/' was aborted.
[2016.09.16-07.19.24:521][178]LogDirectoryWatcher: A directory notification for 'F:/虚幻4百度云盘/已上传/GRMaleHero02/Saved/Collections/' was aborted.
[2016.09.16-07.19.24:521][178]LogModuleManager: Shutting down and abandoning module StatsViewer (220)
[2016.09.16-07.19.24:521][178]LogModuleManager: Shutting down and abandoning module FoliageEdit (219)
[2016.09.16-07.19.24:521][178]LogModuleManager: Shutting down and abandoning module LandscapeEditor (218)
[2016.09.16-07.19.24:522][178]LogModuleManager: Shutting down and abandoning module SceneDepthPickerMode (217)
[2016.09.16-07.19.24:522][178]LogModuleManager: Shutting down and abandoning module ActorPickerMode (216)
[2016.09.16-07.19.24:522][178]LogModuleManager: Shutting down and abandoning module GeometryMode (215)
[2016.09.16-07.19.24:522][178]LogModuleManager: Shutting down and abandoning module TextureAlignMode (214)
[2016.09.16-07.19.24:522][178]LogModuleManager: Shutting down and abandoning module BspMode (213)
[2016.09.16-07.19.24:522][178]LogModuleManager: Shutting down and abandoning module HardwareSurvey (212)
[2016.09.16-07.19.24:522][178]LogModuleManager: Shutting down and abandoning module SequenceRecorderSections (211)
[2016.09.16-07.19.24:522][178]LogModuleManager: Shutting down and abandoning module SequenceRecorder (210)
[2016.09.16-07.19.24:522][178]LogModuleManager: Shutting down and abandoning module AutomationWorker (209)
[2016.09.16-07.19.24:522][178]LogModuleManager: Shutting down and abandoning module MatineeToLevelSequence (208)
[2016.09.16-07.19.24:522][178]LogModuleManager: Shutting down and abandoning module PlacementMode (207)
[2016.09.16-07.19.24:522][178]LogModuleManager: Shutting down and abandoning module LevelSequenceEditor (206)
[2016.09.16-07.19.24:522][178]LogModuleManager: Shutting down and abandoning module WmfMediaFactory (205)
[2016.09.16-07.19.24:522][178]LogModuleManager: Shutting down and abandoning module WmfMediaEditor (204)
[2016.09.16-07.19.24:522][178]LogModuleManager: Shutting down and abandoning module AvfMediaFactory (203)
[2016.09.16-07.19.24:522][178]LogModuleManager: Shutting down and abandoning module AvfMediaEditor (202)
[2016.09.16-07.19.24:522][178]LogModuleManager: Shutting down and abandoning module Media (201)
[2016.09.16-07.19.24:522][178]LogModuleManager: Shutting down and abandoning module AndroidMediaFactory (200)
[2016.09.16-07.19.24:522][178]LogModuleManager: Shutting down and abandoning module AndroidMediaEditor (199)
[2016.09.16-07.19.24:522][178]LogModuleManager: Shutting down and abandoning module CharacterAI (198)
[2016.09.16-07.19.24:522][178]LogModuleManager: Shutting down and abandoning module SmartSnapping (197)
[2016.09.16-07.19.24:522][178]LogModuleManager: Shutting down and abandoning module SessionServices (196)
[2016.09.16-07.19.24:522][178]LogModuleManager: Shutting down and abandoning module ViewportSnapping (195)
[2016.09.16-07.19.24:522][178]LogModuleManager: Shutting down and abandoning module ViewportInteraction (194)
[2016.09.16-07.19.24:522][178]LogModuleManager: Shutting down and abandoning module LogVisualizer (193)
[2016.09.16-07.19.24:523][178]LogModuleManager: Shutting down and abandoning module GameProjectGeneration (192)
[2016.09.16-07.19.24:523][178]LogModuleManager: Shutting down and abandoning module IntroTutorials (191)
[2016.09.16-07.19.24:523][178]LogModuleManager: Shutting down and abandoning module EditorLiveStreaming (190)
[2016.09.16-07.19.24:523][178]LogModuleManager: Shutting down and abandoning module IOSPlatformEditor (189)
[2016.09.16-07.19.24:523][178]LogModuleManager: Shutting down and abandoning module HTML5PlatformEditor (188)
[2016.09.16-07.19.24:523][178]LogModuleManager: Shutting down and abandoning module AndroidDeviceDetection (187)
[2016.09.16-07.19.24:749][178]LogModuleManager: Shutting down and abandoning module AndroidPlatformEditor (186)
[2016.09.16-07.19.24:749][178]LogModuleManager: Shutting down and abandoning module IOSRuntimeSettings (185)
[2016.09.16-07.19.24:749][178]LogModuleManager: Shutting down and abandoning module AndroidRuntimeSettings (184)
[2016.09.16-07.19.24:749][178]LogModuleManager: Shutting down and abandoning module NiagaraEditor (183)
[2016.09.16-07.19.24:749][178]LogModuleManager: Shutting down and abandoning module MergeActors (182)
[2016.09.16-07.19.24:749][178]LogModuleManager: Shutting down and abandoning module SizeMap (181)
[2016.09.16-07.19.24:749][178]LogModuleManager: Shutting down and abandoning module TreeMap (180)
[2016.09.16-07.19.24:749][178]LogModuleManager: Shutting down and abandoning module ReferenceViewer (179)
[2016.09.16-07.19.24:749][178]LogModuleManager: Shutting down and abandoning module LocalizationService (178)
[2016.09.16-07.19.24:749][178]LogModuleManager: Shutting down and abandoning module LocalizationDashboard (177)
[2016.09.16-07.19.24:749][178]LogModuleManager: Shutting down and abandoning module HardwareTargeting (176)
[2016.09.16-07.19.24:749][178]LogModuleManager: Shutting down and abandoning module DeviceProfileEditor (175)
[2016.09.16-07.19.24:749][178]LogModuleManager: Shutting down and abandoning module UndoHistory (174)
[2016.09.16-07.19.24:749][178]LogModuleManager: Shutting down and abandoning module UserFeedback (173)
[2016.09.16-07.19.24:749][178]LogModuleManager: Shutting down and abandoning module XmlParser (172)
[2016.09.16-07.19.24:750][178]LogModuleManager: Shutting down and abandoning module Blutility (171)
[2016.09.16-07.19.24:750][178]LogModuleManager: Shutting down and abandoning module ProjectTargetPlatformEditor (170)
[2016.09.16-07.19.24:750][178]LogModuleManager: Shutting down and abandoning module ProjectSettingsViewer (169)
[2016.09.16-07.19.24:750][178]LogModuleManager: Shutting down and abandoning module InputBindingEditor (168)
[2016.09.16-07.19.24:750][178]LogModuleManager: Shutting down and abandoning module EditorSettingsViewer (167)
[2016.09.16-07.19.24:750][178]LogModuleManager: Shutting down and abandoning module SettingsEditor (166)
[2016.09.16-07.19.24:750][178]LogModuleManager: Shutting down and abandoning module ProjectLauncher (165)
[2016.09.16-07.19.24:750][178]LogModuleManager: Shutting down and abandoning module SessionFrontend (164)
[2016.09.16-07.19.24:750][178]LogModuleManager: Shutting down and abandoning module ProfilerClient (163)
[2016.09.16-07.19.24:750][178]LogModuleManager: Shutting down and abandoning module TargetDeviceServices (162)
[2016.09.16-07.19.24:750][178]LogModuleManager: Shutting down and abandoning module DeviceManager (161)
[2016.09.16-07.19.24:780][178]LogModuleManager: Shutting down and abandoning module AutomationController (160)
[2016.09.16-07.19.24:780][178]LogModuleManager: Shutting down and abandoning module AutomationWindow (159)
[2016.09.16-07.19.24:780][178]LogModuleManager: Shutting down and abandoning module Layers (158)
[2016.09.16-07.19.24:780][178]LogModuleManager: Shutting down and abandoning module ComponentVisualizers (157)
[2016.09.16-07.19.24:780][178]LogModuleManager: Shutting down and abandoning module DetailCustomizations (156)
[2016.09.16-07.19.24:780][178]LogModuleManager: Shutting down and abandoning module PackagesDialog (155)
[2016.09.16-07.19.24:780][178]LogModuleManager: Shutting down and abandoning module AnimGraph (154)
[2016.09.16-07.19.24:780][178]LogModuleManager: Shutting down and abandoning module Persona (153)
[2016.09.16-07.19.24:780][178]LogModuleManager: Shutting down and abandoning module Kismet (152)
[2016.09.16-07.19.24:781][178]LogModuleManager: Shutting down and abandoning module GraphEditor (151)
[2016.09.16-07.19.24:781][178]LogModuleManager: Shutting down and abandoning module ClassViewer (150)
[2016.09.16-07.19.24:781][178]LogModuleManager: Shutting down and abandoning module Toolbox (149)
[2016.09.16-07.19.24:781][178]LogModuleManager: Shutting down and abandoning module ModuleUI (148)
[2016.09.16-07.19.24:781][178]LogModuleManager: Shutting down and abandoning module MovieSceneTools (147)
[2016.09.16-07.19.24:781][178]LogModuleManager: Shutting down and abandoning module OutputLog (146)
[2016.09.16-07.19.24:781][178]LogModuleManager: Shutting down and abandoning module GammaUI (145)
[2016.09.16-07.19.24:781][178]LogModuleManager: Shutting down and abandoning module Documentation (144)
[2016.09.16-07.19.24:781][178]LogModuleManager: Shutting down and abandoning module Niagara (143)
[2016.09.16-07.19.24:781][178]LogModuleManager: Shutting down and abandoning module StreamingPauseRendering (142)
[2016.09.16-07.19.24:781][178]LogModuleManager: Shutting down and abandoning module AnalyticsET (141)
[2016.09.16-07.19.24:781][178]LogModuleManager: Shutting down and abandoning module PortalServices (140)
[2016.09.16-07.19.24:781][178]LogModuleManager: Shutting down and abandoning module PortalRpc (139)
[2016.09.16-07.19.24:781][178]LogModuleManager: Shutting down and abandoning module MessagingRpc (138)
[2016.09.16-07.19.24:781][178]LogModuleManager: Shutting down and abandoning module GameplayDebugger (137)
[2016.09.16-07.19.24:781][178]LogModuleManager: Shutting down and abandoning module AITestSuite (136)
[2016.09.16-07.19.24:781][178]LogModuleManager: Shutting down and abandoning module AIModule (135)
[2016.09.16-07.19.24:781][178]LogModuleManager: Shutting down and abandoning module ProfilerService (134)
[2016.09.16-07.19.24:968][178]LogModuleManager: Shutting down and abandoning module TaskGraph (133)
[2016.09.16-07.19.24:968][178]LogModuleManager: Shutting down and abandoning module SlateRemote (132)
[2016.09.16-07.19.24:968][178]LogModuleManager: Shutting down and abandoning module SteamVRController (131)
[2016.09.16-07.19.24:968][178]LogModuleManager: Shutting down and abandoning module SteamVR (130)
[2016.09.16-07.19.24:968][178]LogModuleManager: Shutting down and abandoning module ProceduralMeshComponentEditor (129)
[2016.09.16-07.19.24:968][178]LogModuleManager: Shutting down and abandoning module ProceduralMeshComponent (128)
[2016.09.16-07.19.24:968][178]LogModuleManager: Shutting down and abandoning module OculusLibrary (127)
[2016.09.16-07.19.24:968][178]LogModuleManager: Shutting down and abandoning module OculusInput (126)
[2016.09.16-07.19.24:968][178]LogModuleManager: Shutting down and abandoning module CustomMeshComponent (125)
[2016.09.16-07.19.24:968][178]LogModuleManager: Shutting down and abandoning module CableComponent (124)
[2016.09.16-07.19.24:968][178]LogModuleManager: Shutting down and abandoning module ArchVisCharacter (123)
[2016.09.16-07.19.24:968][178]LogModuleManager: Shutting down and abandoning module MediaPlayerEditor (121)
[2016.09.16-07.19.24:968][178]LogModuleManager: Shutting down and abandoning module HTML5Networking (120)
[2016.09.16-07.19.24:968][178]LogModuleManager: Shutting down and abandoning module GeometryCacheEd (119)
[2016.09.16-07.19.24:968][178]LogModuleManager: Shutting down and abandoning module GeometryCache (118)
[2016.09.16-07.19.24:968][178]LogModuleManager: Shutting down and abandoning module AlembicLibrary (117)
[2016.09.16-07.19.24:969][178]LogModuleManager: Shutting down and abandoning module AlembicImporter (116)
[2016.09.16-07.19.24:969][178]LogModuleManager: Shutting down and abandoning module SuperSearch (115)
[2016.09.16-07.19.24:969][178]LogModuleManager: Shutting down and abandoning module SuperSearchEditor (114)
[2016.09.16-07.19.24:969][178]LogModuleManager: Shutting down and abandoning module SpeedTreeImporter (113)
[2016.09.16-07.19.24:969][178]LogModuleManager: Shutting down and abandoning module PluginBrowser (112)
[2016.09.16-07.19.24:969][178]LogModuleManager: Shutting down and abandoning module MobileLauncherProfileWizard (111)
[2016.09.16-07.19.24:969][178]LogModuleManager: Shutting down and abandoning module EpicSurvey (110)
[2016.09.16-07.19.24:969][178]LogModuleManager: Shutting down and abandoning module DesktopPlatform (109)
[2016.09.16-07.19.24:969][178]LogModuleManager: Shutting down and abandoning module VisualStudioSourceCodeAccess (108)
[2016.09.16-07.19.24:969][178]LogModuleManager: Shutting down and abandoning module UObjectPlugin (107)
[2016.09.16-07.19.24:969][178]LogModuleManager: Shutting down and abandoning module SubversionSourceControl (106)
[2016.09.16-07.19.24:969][178]LogModuleManager: Shutting down and abandoning module PerforceSourceControl (105)
[2016.09.16-07.19.24:969][178]LogModuleManager: Shutting down and abandoning module SourceControl (104)
[2016.09.16-07.19.24:969][178]LogModuleManager: Shutting down and abandoning module GitSourceControl (103)
[2016.09.16-07.19.24:969][178]LogModuleManager: Shutting down and abandoning module LightPropagationVolumeEditor (102)
[2016.09.16-07.19.24:969][178]LogModuleManager: Shutting down and abandoning module PaperTiledImporter (101)
[2016.09.16-07.19.24:969][178]LogModuleManager: Shutting down and abandoning module PaperSpriteSheetImporter (100)
[2016.09.16-07.19.24:969][178]LogModuleManager: Shutting down and abandoning module MeshPaint (99)
[2016.09.16-07.19.24:969][178]LogModuleManager: Shutting down and abandoning module FbxAutomationBuilderModule (98)
[2016.09.16-07.19.24:969][178]LogModuleManager: Shutting down and abandoning module PixelInspectorModule (97)
[2016.09.16-07.19.24:969][178]LogModuleManager: Shutting down and abandoning module HotReload (96)
[2016.09.16-07.19.24:970][178]LogModuleManager: Shutting down and abandoning module MainFrame (95)
[2016.09.16-07.19.24:970][178]LogModuleManager: Shutting down and abandoning module LevelEditor (94)
[2016.09.16-07.19.24:971][178]LogModuleManager: Shutting down and abandoning module ContentBrowser (93)
[2016.09.16-07.19.24:972][178]LogModuleManager: Shutting down and abandoning module Paper2DEditor (92)
[2016.09.16-07.19.24:973][178]LogModuleManager: Shutting down and abandoning module UdpMessaging (91)
[2016.09.16-07.19.25:073][178]LogModuleManager: Shutting down and abandoning module TcpMessaging (90)
[2016.09.16-07.19.25:073][178]LogModuleManager: Shutting down and abandoning module LightPropagationVolumeRuntime (89)
[2016.09.16-07.19.25:073][178]LogModuleManager: Shutting down and abandoning module Paper2D (88)
[2016.09.16-07.19.25:073][178]LogModuleManager: Shutting down and abandoning module WindowsMoviePlayer (87)
[2016.09.16-07.19.25:073][178]LogModuleManager: Shutting down and abandoning module WmfMedia (86)
[2016.09.16-07.19.25:073][178]LogModuleManager: Shutting down and abandoning module MediaAssets (85)
[2016.09.16-07.19.25:074][178]LogModuleManager: Shutting down and abandoning module GameLiveStreaming (84)
[2016.09.16-07.19.25:074][178]LogModuleManager: Shutting down and abandoning module GameplayTagsEditor (83)
[2016.09.16-07.19.25:074][178]LogModuleManager: Shutting down and abandoning module VREditor (82)
[2016.09.16-07.19.25:074][178]LogModuleManager: Shutting down and abandoning module GameplayTasksEditor (81)
[2016.09.16-07.19.25:074][178]LogModuleManager: Shutting down and abandoning module PropertyEditor (80)
[2016.09.16-07.19.25:074][178]LogModuleManager: Shutting down and abandoning module BehaviorTreeEditor (79)
[2016.09.16-07.19.25:074][178]LogModuleManager: Shutting down and abandoning module FunctionalTesting (78)
[2016.09.16-07.19.25:074][178]LogModuleManager: Shutting down and abandoning module CollisionAnalyzer (77)
[2016.09.16-07.19.25:074][178]LogModuleManager: Shutting down and abandoning module Sequencer (76)
[2016.09.16-07.19.25:074][178]LogModuleManager: Shutting down and abandoning module WorkspaceMenuStructure (75)
[2016.09.16-07.19.25:074][178]LogModuleManager: Shutting down and abandoning module MessageLog (74)
[2016.09.16-07.19.25:074][178]LogModuleManager: Shutting down and abandoning module AssetTools (73)
[2016.09.16-07.19.25:074][178]LogModuleManager: Shutting down and abandoning module UMGEditor (72)
[2016.09.16-07.19.25:074][178]LogModuleManager: Shutting down and abandoning module UMG (71)
[2016.09.16-07.19.25:074][178]LogModuleManager: Shutting down and abandoning module SlateReflector (70)
[2016.09.16-07.19.25:074][178]LogModuleManager: Shutting down and abandoning module Slate (69)
[2016.09.16-07.19.25:074][178]LogModuleManager: Shutting down and abandoning module EditorStyle (68)
[2016.09.16-07.19.25:078][178]LogModuleManager: Shutting down and abandoning module SourceCodeAccess (67)
[2016.09.16-07.19.25:078][178]LogModuleManager: Shutting down and abandoning module HeadMountedDisplay (66)
[2016.09.16-07.19.25:078][178]LogModuleManager: Shutting down and abandoning module XAudio2 (65)
[2016.09.16-07.19.25:078][178]LogModuleManager: Shutting down and abandoning module Networking (63)
[2016.09.16-07.19.25:078][178]LogModuleManager: Shutting down and abandoning module Core (62)
[2016.09.16-07.19.25:078][178]LogModuleManager: Shutting down and abandoning module DirectoryWatcher (61)
[2016.09.16-07.19.25:078][178]LogDirectoryWatcher: A directory notification for '../../../Engine/Content/' was aborted.
[2016.09.16-07.19.25:078][178]LogDirectoryWatcher: A directory notification for 'F:/虚幻4百度云盘/已上传/GRMaleHero02/Content/' was aborted.
[2016.09.16-07.19.25:078][178]LogDirectoryWatcher: A directory notification for '../../../Engine/Plugins/2D/Paper2D/Content/' was aborted.
[2016.09.16-07.19.25:079][178]LogModuleManager: Shutting down and abandoning module AssetRegistry (60)
[2016.09.16-07.19.25:246][178]LogModuleManager: Shutting down and abandoning module KismetCompiler (59)
[2016.09.16-07.19.25:246][178]LogModuleManager: Shutting down and abandoning module PhysXFormats (58)
[2016.09.16-07.19.25:247][178]LogModuleManager: Shutting down and abandoning module MeshUtilities (57)
[2016.09.16-07.19.25:247][178]LogModuleManager: Shutting down and abandoning module DerivedDataCache (56)
[2016.09.16-07.19.25:373][178]LogDerivedDataCache: Shutdown
[2016.09.16-07.19.25:373][178]LogModuleManager: Shutting down and abandoning module MetalShaderFormat (55)
[2016.09.16-07.19.25:373][178]LogModuleManager: Shutting down and abandoning module VulkanShaderFormat (54)
[2016.09.16-07.19.25:373][178]LogModuleManager: Shutting down and abandoning module ShaderFormatD3D (53)
[2016.09.16-07.19.25:373][178]LogModuleManager: Shutting down and abandoning module ShaderFormatOpenGL (52)
[2016.09.16-07.19.25:373][178]LogModuleManager: Shutting down and abandoning module TextureFormatUncompressed (51)
[2016.09.16-07.19.25:373][178]LogModuleManager: Shutting down and abandoning module ImageWrapper (50)
[2016.09.16-07.19.25:373][178]LogModuleManager: Shutting down and abandoning module TextureFormatASTC (49)
[2016.09.16-07.19.25:373][178]LogModuleManager: Shutting down and abandoning module TextureFormatPVR (48)
[2016.09.16-07.19.25:373][178]LogModuleManager: Shutting down and abandoning module TextureFormatDXT (47)
[2016.09.16-07.19.25:373][178]LogModuleManager: Shutting down and abandoning module TextureFormatIntelISPCTexComp (46)
[2016.09.16-07.19.25:373][178]LogModuleManager: Shutting down and abandoning module AudioFormatOpus (45)
[2016.09.16-07.19.25:373][178]LogModuleManager: Shutting down and abandoning module AudioFormatOgg (44)
[2016.09.16-07.19.25:373][178]LogModuleManager: Shutting down and abandoning module AudioFormatADPCM (43)
[2016.09.16-07.19.25:373][178]LogModuleManager: Shutting down and abandoning module TVOSTargetPlatform (42)
[2016.09.16-07.19.25:373][178]LogModuleManager: Shutting down and abandoning module Messaging (41)
[2016.09.16-07.19.25:373][178]LogModuleManager: Shutting down and abandoning module IOSTargetPlatform (40)
[2016.09.16-07.19.25:374][178]LogModuleManager: Shutting down and abandoning module HTML5TargetPlatform (39)
[2016.09.16-07.19.25:374][178]LogModuleManager: Shutting down and abandoning module Android_MultiTargetPlatform (38)
[2016.09.16-07.19.25:374][178]LogModuleManager: Shutting down and abandoning module Android_ASTCTargetPlatform (37)
[2016.09.16-07.19.25:374][178]LogModuleManager: Shutting down and abandoning module Android_ETC2TargetPlatform (36)
[2016.09.16-07.19.25:374][178]LogModuleManager: Shutting down and abandoning module Android_ETC1TargetPlatform (35)
[2016.09.16-07.19.25:374][178]LogModuleManager: Shutting down and abandoning module Android_DXTTargetPlatform (34)
[2016.09.16-07.19.25:374][178]LogModuleManager: Shutting down and abandoning module Android_ATCTargetPlatform (33)
[2016.09.16-07.19.25:374][178]LogModuleManager: Shutting down and abandoning module Android_PVRTCTargetPlatform (32)
[2016.09.16-07.19.25:374][178]LogModuleManager: Shutting down and abandoning module AndroidTargetPlatform (31)
[2016.09.16-07.19.25:374][178]LogModuleManager: Shutting down and abandoning module AllDesktopTargetPlatform (30)
[2016.09.16-07.19.25:374][178]LogModuleManager: Shutting down and abandoning module WindowsClientTargetPlatform (29)
[2016.09.16-07.19.25:374][178]LogModuleManager: Shutting down and abandoning module WindowsServerTargetPlatform (28)
[2016.09.16-07.19.25:374][178]LogModuleManager: Shutting down and abandoning module WindowsNoEditorTargetPlatform (27)
[2016.09.16-07.19.25:374][178]LogModuleManager: Shutting down and abandoning module WindowsTargetPlatform (26)
[2016.09.16-07.19.25:374][178]LogModuleManager: Shutting down and abandoning module TargetPlatform (25)
[2016.09.16-07.19.25:374][178]LogModuleManager: Shutting down and abandoning module InputCore (24)
[2016.09.16-07.19.25:374][178]LogModuleManager: Shutting down and abandoning module Settings (23)
[2016.09.16-07.19.25:374][178]LogModuleManager: Shutting down and abandoning module OculusRift (22)
[2016.09.16-07.19.25:374][178]LogModuleManager: Shutting down and abandoning module GearVR (21)
[2016.09.16-07.19.25:374][178]LogModuleManager: Shutting down and abandoning module ExampleDeviceProfileSelector (20)
[2016.09.16-07.19.25:374][178]LogModuleManager: Shutting down and abandoning module OnlineBlueprintSupport (19)
[2016.09.16-07.19.25:374][178]LogModuleManager: Shutting down and abandoning module OnlineSubsystem (17)
[2016.09.16-07.19.25:374][178]LogOnline:Display: Unloading online subsystem: NULL
[2016.09.16-07.19.25:374][178]LogModuleManager: Shutting down and abandoning module HTTP (16)
[2016.09.16-07.19.25:374][178]LogHttp:Display: Http module shutting down, but needs to wait on 1 outstanding Http requests:
[2016.09.16-07.19.25:374][178]LogHttp:Display: 	verb=[POST] url=[https://datarouter.ol.epicgames.com/datarouter/api/v1/public/data?SessionID=%7BD08751A6-4C31-099F-1F03-6DAE7C852CF9%7D&AppID=UEEditor.UnrealEngine.Release&AppVersion=UE4-CL-0&UserID=e1fbe87e454e401a2456da9c09679d2f%7C6e68f56180a14e5dba7b212230da820a%7C7adaa6c5-3d18-4614-a681-ec87d33ff9f1&AppEnvironment=datacollector-source&UploadType=eteventstream] status=Processing
[2016.09.16-07.19.25:374][178]LogHttp:Display: Sleeping 0.5s to wait for 1 outstanding Http requests.
[2016.09.16-07.19.25:874][178]LogHttp:Display: Sleeping 0.5s to wait for 1 outstanding Http requests.
[2016.09.16-07.19.26:399][178]LogModuleManager: Shutting down and abandoning module TextureCompressor (14)
[2016.09.16-07.19.26:399][178]LogModuleManager: Shutting down and abandoning module ShaderCore (13)
[2016.09.16-07.19.26:400][178]LogModuleManager: Shutting down and abandoning module Landscape (12)
[2016.09.16-07.19.26:400][178]LogModuleManager: Shutting down and abandoning module SlateRHIRenderer (11)
[2016.09.16-07.19.26:402][178]LogModuleManager: Shutting down and abandoning module OpenGLDrv (10)
[2016.09.16-07.19.26:402][178]LogModuleManager: Shutting down and abandoning module D3D11RHI (9)
[2016.09.16-07.19.26:402][178]LogModuleManager: Shutting down and abandoning module AnimGraphRuntime (8)
[2016.09.16-07.19.26:402][178]LogModuleManager: Shutting down and abandoning module Renderer (7)
[2016.09.16-07.19.26:402][178]LogModuleManager: Shutting down and abandoning module Engine (6)
[2016.09.16-07.19.26:402][178]LogModuleManager: Shutting down and abandoning module CoreUObject (5)
[2016.09.16-07.19.26:402][178]LogModuleManager: Shutting down and abandoning module NetworkFile (4)
[2016.09.16-07.19.26:402][178]LogModuleManager: Shutting down and abandoning module StreamingFile (3)
[2016.09.16-07.19.26:402][178]LogModuleManager: Shutting down and abandoning module SandboxFile (2)
[2016.09.16-07.19.26:402][178]LogModuleManager: Shutting down and abandoning module PakFile (1)
[2016.09.16-07.19.26:406][178]LogExit: Exiting.
[2016.09.16-07.19.26:408][178]Log file closed, 09/16/16 15:19:26
